<?xml version="1.0" encoding="UTF-8"?>
<testsuite xmlns:xsi="http://www.w3.org/2001/XMLSchema-instance" xsi:schemaLocation="https://maven.apache.org/surefire/maven-surefire-plugin/xsd/surefire-test-report.xsd" name="TestSuite" time="272.476" tests="3" errors="0" skipped="0" failures="2">
  <properties>
[...]
</properties>
  <testcase name="Open" classname="testCases.LoginTest" time="0.187">
    <failure type="java.lang.NullPointerException">java.lang.NullPointerException
	at testCases.LoginTest.Open(LoginTest.java:20)
</failure>
  </testcase>
  <testcase name="runTests" classname="com.threeothree.test.runner.TestRunnerTest" time="119.834"/>
  <testcase name="runTests" classname="com.threeothree.test.runner.TestRunnerTest" time="148.327">
    <failure message="org.openqa.selenium.NoSuchElementException: Cannot locate option with index: 51&#10;For documentation on this error, please visit: http://seleniumhq.org/exceptions/no_such_element.html&#10;Build info: version: &apos;2.53.1&apos;, revision: &apos;a36b8b1cd5757287168e54b817830adce9b0158d&apos;, time: &apos;2016-06-30 19:26:09&apos;&#10;System info: host: &apos;Sajitha-PC&apos;, ip: &apos;169.254.58.61&apos;, os.name: &apos;Windows 7&apos;, os.arch: &apos;amd64&apos;, os.version: &apos;6.1&apos;, java.version: &apos;1.8.0_91&apos;&#10;Driver info: driver.version: unknown" type="cucumber.runtime.CucumberException">cucumber.runtime.CucumberException: 
org.openqa.selenium.NoSuchElementException: Cannot locate option with index: 51
For documentation on this error, please visit: http://seleniumhq.org/exceptions/no_such_element.html
Build info: version: '2.53.1', revision: 'a36b8b1cd5757287168e54b817830adce9b0158d', time: '2016-06-30 19:26:09'
System info: host: 'Sajitha-PC', ip: '169.254.58.61', os.name: 'Windows 7', os.arch: 'amd64', os.version: '6.1', java.version: '1.8.0_91'
Driver info: driver.version: unknown
	at com.threeothree.test.runner.TestRunnerTest.runTests(TestRunnerTest.java:51)
Caused by: org.openqa.selenium.NoSuchElementException: 
Cannot locate option with index: 51
For documentation on this error, please visit: http://seleniumhq.org/exceptions/no_such_element.html
Build info: version: '2.53.1', revision: 'a36b8b1cd5757287168e54b817830adce9b0158d', time: '2016-06-30 19:26:09'
System info: host: 'Sajitha-PC', ip: '169.254.58.61', os.name: 'Windows 7', os.arch: 'amd64', os.version: '6.1', java.version: '1.8.0_91'
Driver info: driver.version: unknown
</failure>
  </testcase>
</testsuite>